<?xml version="1.0" encoding="UTF-8"?>
<!-- Generated by org.testng.reporters.JUnitReportReporter -->
<testsuite hostname="DESKTOP-OUI7JLC" failures="0" tests="1" name="Practice_Maven.Login" time="0.023" errors="0" timestamp="2023-01-18T12:44:46 IST" skipped="0">
  <testcase classname="Practice_Maven.Login" name="loginApplicationn" time="0.023"/>
  <system-out/>
</testsuite> <!-- Practice_Maven.Login -->
