<?xml version="1.0" encoding="UTF-8"?>
<!-- Generated by org.testng.reporters.JUnitReportReporter -->
<testsuite hostname="DESKTOP-OUI7JLC" failures="0" tests="1" name="Practice_Maven.Delete" time="0.002" errors="0" timestamp="2023-01-18T10:11:45 IST" skipped="0">
  <testcase classname="Practice_Maven.Delete" name="delete" time="0.002"/>
  <system-out/>
</testsuite> <!-- Practice_Maven.Delete -->
