<?xml version="1.0" encoding="UTF-8"?>
<!-- Generated by org.testng.reporters.JUnitReportReporter -->
<testsuite hostname="DESKTOP-OUI7JLC" failures="0" tests="1" name="Practice_Maven.CreateTest" time="0.018" errors="0" timestamp="2023-01-18T10:11:45 IST" skipped="0">
  <testcase classname="Practice_Maven.CreateTest" name="createTest" time="0.018"/>
  <system-out/>
</testsuite> <!-- Practice_Maven.CreateTest -->
